2019-08-20 12:50:41 INFO  HttpClient:130 - key:ssomac  value:1rWO6BlqQyWih__VQ6MWPQ
2019-08-20 12:50:41 INFO  HttpClient:130 - key:token  value:jW8yJ5wQTKOqmvRC-9kRZw
2019-08-20 12:51:09 INFO  HttpClient:130 - key:ssomac  value:RAZmFkrnTGG1wxspSY0XfQ
2019-08-20 12:51:09 INFO  HttpClient:130 - key:token  value:uqiYwjgQTSKOk1ZFqZNq2A
2019-08-20 12:51:28 INFO  HttpClient:130 - key:ssomac  value:Buzn2idjRZ2HNIbSg0wuYA
2019-08-20 12:51:28 INFO  HttpClient:130 - key:token  value:uDpBOxm_SDy7i3lTx_XQnA
2019-08-20 12:51:56 INFO  HttpClient:130 - key:ssomac  value:S6hxL1y_TZWMMnVld2XgWw
2019-08-20 12:51:56 INFO  HttpClient:130 - key:token  value:y8x8GRO7RfCLI6pwrrjadw
2019-08-20 12:51:56 INFO  HttpClient:130 - key:ssomac  value:ptdH6dSGQUSdW5C7H686IQ
2019-08-20 12:51:56 INFO  HttpClient:130 - key:token  value:4PlP1cKbTAKXneS1Tt4J_g
2019-08-20 12:52:18 INFO  HttpClient:130 - key:ssomac  value:8nQDaUX-QBejsa2hIVDEfA
2019-08-20 12:52:18 INFO  HttpClient:130 - key:token  value:ygE35ejYSeaaoxppIdanlQ
2019-08-20 12:52:18 INFO  HttpClient:130 - key:ssomac  value:-PuMnCddTfWi3fZwYJJdNQ
2019-08-20 12:52:18 INFO  HttpClient:130 - key:token  value:whiSKPcaSxyufAkKjS_Kag
2019-08-20 12:52:46 INFO  HttpClient:130 - key:ssomac  value:1yy1_OY2TMiHgjg6LrfNpw
2019-08-20 12:52:46 INFO  HttpClient:130 - key:token  value:ARO9xc_dQsGwTrU6feOSQw
2019-08-20 12:53:03 INFO  HttpClient:130 - key:ssomac  value:Z7z6bDLrSCyZBN3csIfgiQ
2019-08-20 12:53:03 INFO  HttpClient:130 - key:token  value:rs2keNSLTqO7ZdPGjqbE5g
2019-08-20 12:53:04 INFO  HttpClient:130 - key:ssomac  value:Z7z6bDLrSCyZBN3csIfgiQ
2019-08-20 12:53:04 INFO  HttpClient:130 - key:token  value:rs2keNSLTqO7ZdPGjqbE5g
2019-08-20 12:53:36 INFO  HttpClient:130 - key:ssomac  value:H2-MDl_UQd2_svKHbZiKtA
2019-08-20 12:53:36 INFO  HttpClient:130 - key:token  value:fp_x0D4ZSwiM5gtIGPmvpg
2019-08-20 12:53:36 INFO  HttpClient:130 - key:ssomac  value:H2-MDl_UQd2_svKHbZiKtA
2019-08-20 12:53:36 INFO  HttpClient:130 - key:token  value:fp_x0D4ZSwiM5gtIGPmvpg
